2024-11-29 02:13:56,133 INFO Watching for file changes with StatReloader
2024-11-29 02:15:53,395 INFO /usr/src/app/dcelery/celery_tasks/ex-name.py changed, reloading.
2024-11-29 02:15:55,182 INFO Watching for file changes with StatReloader
2024-12-01 01:03:58,047 INFO Watching for file changes with StatReloader
2024-12-01 01:04:07,810 INFO Watching for file changes with StatReloader
2024-12-01 01:08:11,514 INFO /usr/src/app/dcelery/celery_tasks/ex_retry.py changed, reloading.
2024-12-01 01:08:12,392 INFO Watching for file changes with StatReloader
2024-12-01 01:27:48,006 INFO Watching for file changes with StatReloader
2024-12-01 01:29:20,003 INFO /usr/src/app/dcelery/celery_tasks/ex3_task_group.py changed, reloading.
2024-12-01 01:29:20,893 INFO Watching for file changes with StatReloader
2024-12-01 01:29:22,089 INFO /usr/src/app/dcelery/celery_tasks/ex3_task_group.py changed, reloading.
2024-12-01 01:29:22,953 INFO Watching for file changes with StatReloader
2024-12-01 01:29:39,339 INFO Watching for file changes with StatReloader
2024-12-01 01:29:58,365 INFO Watching for file changes with StatReloader
2024-12-01 01:31:03,874 INFO /usr/src/app/dcelery/celery_tasks/ex3_task_group.py changed, reloading.
2024-12-01 01:31:04,802 INFO Watching for file changes with StatReloader
2024-12-01 01:31:46,797 INFO /usr/src/app/dcelery/celery_tasks/ex3_task_group.py changed, reloading.
2024-12-01 01:44:41,954 INFO Watching for file changes with StatReloader
2024-12-01 01:45:54,678 INFO /usr/src/app/dcelery/celery_tasks/ex4_task_chain.py changed, reloading.
2024-12-01 01:45:55,601 INFO Watching for file changes with StatReloader
2024-12-01 01:46:01,923 INFO /usr/src/app/dcelery/celery_tasks/ex4_task_chain.py changed, reloading.
2024-12-01 01:46:02,817 INFO Watching for file changes with StatReloader
2024-12-01 01:47:20,657 INFO /usr/src/app/dcelery/celery_tasks/ex4_task_chain.py changed, reloading.
2024-12-01 01:47:41,380 INFO Watching for file changes with StatReloader
2024-12-01 01:47:51,374 INFO Watching for file changes with StatReloader
2024-12-01 01:48:45,683 INFO /usr/src/app/dcelery/celery_tasks/ex4_task_chain.py changed, reloading.
2024-12-01 01:48:46,552 INFO Watching for file changes with StatReloader
2024-12-01 01:48:50,837 INFO /usr/src/app/dcelery/celery_tasks/ex4_task_chain.py changed, reloading.
2024-12-01 01:48:51,697 INFO Watching for file changes with StatReloader
2024-12-01 01:48:53,926 INFO /usr/src/app/dcelery/celery_tasks/ex4_task_chain.py changed, reloading.
2024-12-01 01:48:54,789 INFO Watching for file changes with StatReloader
2024-12-01 01:49:03,172 INFO /usr/src/app/dcelery/celery_tasks/ex4_task_chain.py changed, reloading.
2024-12-01 01:49:04,059 INFO Watching for file changes with StatReloader
2024-12-01 01:49:10,377 INFO /usr/src/app/dcelery/celery_tasks/ex4_task_chain.py changed, reloading.
2024-12-01 01:49:11,251 INFO Watching for file changes with StatReloader
2024-12-01 01:49:34,897 INFO /usr/src/app/dcelery/celery_tasks/ex4_task_chain.py changed, reloading.
2024-12-01 01:49:35,775 INFO Watching for file changes with StatReloader
2024-12-01 01:49:36,992 INFO /usr/src/app/dcelery/celery_tasks/ex4_task_chain.py changed, reloading.
2024-12-01 01:49:37,865 INFO Watching for file changes with StatReloader
2024-12-01 01:49:57,472 INFO /usr/src/app/dcelery/celery_tasks/ex4_task_chain.py changed, reloading.
2024-12-01 01:49:58,375 INFO Watching for file changes with StatReloader
2024-12-01 01:49:59,592 INFO /usr/src/app/dcelery/celery_tasks/ex4_task_chain.py changed, reloading.
2024-12-01 01:50:00,498 INFO Watching for file changes with StatReloader
2024-12-01 23:28:38,729 INFO Watching for file changes with StatReloader
2024-12-01 23:29:57,616 INFO /usr/src/app/dcelery/celery_config.py changed, reloading.
2024-12-01 23:30:37,742 INFO Watching for file changes with StatReloader
2024-12-01 23:32:26,623 INFO /usr/src/app/dcelery/celery_tasks/ex5_dead_letter.py changed, reloading.
2024-12-01 23:32:28,374 INFO Watching for file changes with StatReloader
2024-12-01 23:36:38,963 INFO /usr/src/app/dcelery/celery_tasks/ex5_dead_letter.py changed, reloading.
2024-12-01 23:36:40,962 INFO Watching for file changes with StatReloader
2024-12-01 23:37:06,124 INFO /usr/src/app/dcelery/celery_tasks/ex5_dead_letter.py changed, reloading.
2024-12-01 23:37:08,200 INFO Watching for file changes with StatReloader
2024-12-01 23:37:14,237 INFO /usr/src/app/dcelery/celery_tasks/ex5_dead_letter.py changed, reloading.
2024-12-01 23:37:16,235 INFO Watching for file changes with StatReloader
2024-12-01 23:37:28,699 INFO /usr/src/app/dcelery/celery_tasks/ex5_dead_letter.py changed, reloading.
2024-12-01 23:37:30,690 INFO Watching for file changes with StatReloader
2024-12-01 23:37:32,357 INFO /usr/src/app/dcelery/celery_tasks/ex5_dead_letter.py changed, reloading.
2024-12-01 23:37:34,421 INFO Watching for file changes with StatReloader
2024-12-01 23:37:36,131 INFO /usr/src/app/dcelery/celery_tasks/ex5_dead_letter.py changed, reloading.
2024-12-01 23:37:37,942 INFO Watching for file changes with StatReloader
2024-12-01 23:38:29,124 INFO Watching for file changes with StatReloader
2024-12-01 23:46:45,851 INFO /usr/src/app/dcelery/celery_tasks/ex5_dead_letter.py changed, reloading.
2024-12-01 23:46:47,807 INFO Watching for file changes with StatReloader
2024-12-01 23:47:16,412 INFO /usr/src/app/dcelery/celery_tasks/ex5_dead_letter.py changed, reloading.
2024-12-01 23:47:18,715 INFO Watching for file changes with StatReloader
2024-12-01 23:49:25,125 INFO /usr/src/app/dcelery/celery_tasks/ex5_dead_letter.py changed, reloading.
2024-12-01 23:49:27,014 INFO Watching for file changes with StatReloader
2024-12-01 23:49:36,180 INFO /usr/src/app/dcelery/celery_tasks/ex5_dead_letter.py changed, reloading.
2024-12-01 23:50:11,211 INFO Watching for file changes with StatReloader
2024-12-01 23:51:55,944 INFO /usr/src/app/dcelery/celery_tasks/ex5_dead_letter.py changed, reloading.
2024-12-01 23:52:12,244 INFO Watching for file changes with StatReloader
2024-12-02 00:05:53,677 INFO Watching for file changes with StatReloader
2024-12-02 00:09:30,785 INFO /usr/src/app/dcelery/celery_tasks/ex6_task_time_limit.py changed, reloading.
2024-12-02 00:09:32,765 INFO Watching for file changes with StatReloader
2024-12-02 00:09:38,789 INFO /usr/src/app/dcelery/celery_tasks/ex6_task_time_limit.py changed, reloading.
2024-12-02 00:09:40,640 INFO Watching for file changes with StatReloader
2024-12-02 00:09:42,440 INFO /usr/src/app/dcelery/celery_tasks/ex6_task_time_limit.py changed, reloading.
2024-12-02 00:10:38,025 INFO Watching for file changes with StatReloader
2024-12-02 00:11:51,963 INFO /usr/src/app/dcelery/celery_tasks/ex6_task_time_limit.py changed, reloading.
2024-12-02 00:11:53,827 INFO Watching for file changes with StatReloader
2024-12-02 00:13:14,132 INFO /usr/src/app/dcelery/celery_tasks/ex6_task_time_limit.py changed, reloading.
2024-12-02 00:13:16,102 INFO Watching for file changes with StatReloader
2024-12-02 00:30:17,980 INFO Watching for file changes with StatReloader
2024-12-02 00:31:40,583 INFO /usr/src/app/dcelery/celery_tasks/ex7_task_callback.py changed, reloading.
2024-12-02 00:31:42,614 INFO Watching for file changes with StatReloader
2024-12-02 00:31:44,337 INFO /usr/src/app/dcelery/celery_tasks/ex7_task_callback.py changed, reloading.
2024-12-02 00:31:46,369 INFO Watching for file changes with StatReloader
2024-12-02 00:31:49,378 INFO /usr/src/app/dcelery/celery_tasks/ex7_task_callback.py changed, reloading.
2024-12-02 00:31:51,206 INFO Watching for file changes with StatReloader
2024-12-02 00:31:59,465 INFO /usr/src/app/dcelery/celery_tasks/ex7_task_callback.py changed, reloading.
2024-12-02 00:32:01,532 INFO Watching for file changes with StatReloader
2024-12-02 00:32:05,441 INFO /usr/src/app/dcelery/celery_tasks/ex7_task_callback.py changed, reloading.
2024-12-02 00:32:40,432 INFO Watching for file changes with StatReloader
2024-12-02 00:33:25,505 INFO /usr/src/app/dcelery/celery_tasks/ex7_task_callback.py changed, reloading.
2024-12-02 00:33:27,607 INFO Watching for file changes with StatReloader
2024-12-02 00:34:14,726 INFO /usr/src/app/dcelery/celery_tasks/ex7_task_callback.py changed, reloading.
2024-12-02 00:34:16,749 INFO Watching for file changes with StatReloader
2024-12-02 00:34:18,496 INFO /usr/src/app/dcelery/celery_tasks/ex7_task_callback.py changed, reloading.
2024-12-02 00:34:38,302 INFO Watching for file changes with StatReloader
2024-12-02 00:35:22,373 INFO /usr/src/app/dcelery/celery_tasks/ex7_task_callback.py changed, reloading.
2024-12-02 00:35:24,255 INFO Watching for file changes with StatReloader
2024-12-02 00:36:52,962 INFO Watching for file changes with StatReloader
2024-12-02 00:51:21,235 INFO Watching for file changes with StatReloader
